\BOOKMARK [0][-]{chapter*.2}{\376\377\000T\000h\000e\000\040\000D\000u\000t\000c\000h\000\040\000E\000a\000s\000t\000\040\000I\000n\000d\000i\000a\000\040\000C\000o\000m\000p\000a\000n\000y}{}% 1
\BOOKMARK [1][-]{section*.3}{\376\377\000B\000r\000i\000e\000f\000s\000t\000o\000c\000k\000\040\000L\000e\000t\000t\000e\000r\000s}{chapter*.2}% 2
\BOOKMARK [0][-]{chapter*.4}{\376\377\000T\000h\000e\000\040\000B\000a\000t\000a\000v\000i\000a\000n\000\040\000R\000e\000p\000u\000b\000l\000i\000c\000\040\0001\0008\0000\0003\000-\0001\0008\0000\0006}{}% 3
\BOOKMARK [1][-]{section*.5}{\376\377\000C\000a\000p\000e\000\040\000o\000f\000\040\000G\000o\000o\000d\000\040\000H\000o\000p\000e\000\040\000-\000\040\000P\000o\000s\000t\000a\000l\000\040\000H\000i\000s\000t\000o\000r\000y\000\040}{chapter*.4}% 4
\BOOKMARK [0][-]{chapter*.6}{\376\377\000F\000o\000r\000w\000a\000r\000d\000i\000n\000g\000\040\000A\000g\000e\000n\000t\000s}{}% 5
\BOOKMARK [1][-]{section*.7}{\376\377\000F\000o\000r\000w\000a\000d\000i\000n\000g\000\040\000A\000g\000e\000n\000t\000s\000\040\000G\000u\000i\000l\000t\000y\000\040\000o\000f\000\040\000a\000n\000\040\000O\000f\000f\000e\000n\000s\000e\000?}{chapter*.6}% 6
\BOOKMARK [1][-]{section*.9}{\376\377\000P\000a\000l\000i\000m\000p\000s\000e\000s\000t\000\040\000L\000e\000t\000t\000e\000r\000s}{chapter*.6}% 7
\BOOKMARK [1][-]{section*.10}{\376\377\000U\000n\000s\000t\000a\000m\000p\000e\000d\000\040\000L\000e\000t\000t\000e\000r\000s}{chapter*.6}% 8
\BOOKMARK [1][-]{section*.11}{\376\377\000P\000o\000s\000t\000a\000g\000e\000\040\000S\000t\000a\000m\000p\000s\000\040\000m\000a\000d\000e\000\040\000C\000o\000m\000p\000u\000l\000s\000o\000r\000y}{chapter*.6}% 9
\BOOKMARK [1][-]{section*.12}{\376\377\000O\000c\000t\000a\000g\000o\000n\000a\000l\000\040\000R\000e\000-\000i\000s\000s\000u\000e\000d}{chapter*.6}% 10
\BOOKMARK [0][-]{chapter*.13}{\376\377\000E\000x\000p\000e\000r\000i\000m\000e\000n\000t\000a\000l\000\040\000P\000o\000s\000t\000m\000a\000r\000k\000s}{}% 11
\BOOKMARK [1][-]{section*.14}{\376\377\000T\000h\000e\000\040\000T\000r\000u\000n\000c\000a\000t\000e\000d\000\040\000D\000o\000u\000b\000l\000e\000\040\000C\000i\000r\000c\000l\000e\000\040\000D\000a\000t\000e\000s\000t\000a\000m\000p\000\040\000o\000f\000\040\0001\0008\0009\0000}{chapter*.13}% 12
\BOOKMARK [1][-]{section*.15}{\376\377\000T\000h\000e\000\040\000H\000o\000o\000d\000e\000d\000\040\000C\000i\000r\000c\000u\000l\000a\000r\000\040\000D\000a\000t\000e\000s\000t\000a\000m\000p\000\040\000o\000f\000\040\0001\0008\0008\0008}{chapter*.13}% 13
\BOOKMARK [1][-]{section*.16}{\376\377\000T\000h\000e\000\040\000D\000i\000v\000i\000d\000e\000d\000\040\000I\000n\000n\000e\000r\000\040\000C\000i\000r\000c\000l\000e\000\040\000D\000a\000t\000e\000s\000t\000a\000m\000p\000\040\000o\000f\000\040\0001\0008\0009\0008}{chapter*.13}% 14
\BOOKMARK [1][-]{section*.17}{\376\377\000S\000q\000u\000a\000r\000e\000\040\000O\000c\000t\000a\000g\000o\000n\000.}{chapter*.13}% 15
\BOOKMARK [1][-]{section*.18}{\376\377\000T\000h\000e\000\040\000C\000o\000m\000p\000a\000s\000s\000\040\000W\000h\000e\000e\000l\000\040\000D\000a\000t\000e\000s\000t\000a\000m\000p\000\040\000o\000f\000\040\0001\0008\0009\0001}{chapter*.13}% 16
\BOOKMARK [0][-]{chapter*.19}{\376\377\000C\000i\000r\000c\000u\000l\000a\000r\000\040\000P\000o\000s\000t\000m\000a\000r\000k\000s}{}% 17
\BOOKMARK [1][-]{section*.20}{\376\377\000C\000D\000S\000\040\0001\0005\000\040\000C\000i\000r\000c\000u\000l\000a\000r\000\040\000P\000o\000s\000t\000m\000a\000r\000k}{chapter*.19}% 18
\BOOKMARK [0][-]{chapter*.21}{\376\377\000G\000e\000n\000e\000r\000a\000l\000\040\000P\000o\000s\000t\000\040\000O\000f\000f\000i\000c\000e\000\040\000a\000n\000d\000\040\000H\000e\000a\000d\000\040\000O\000f\000f\000i\000c\000e\000\040\000P\000o\000s\000t\000m\000a\000r\000k\000s\000\040\000o\000f\000\040\000t\000h\000e\000\040\000C\000a\000p\000e\000\040\000o\000f\000\040\000G\000o\000o\000d\000\040\000H\000o\000p\000e}{}% 19
\BOOKMARK [0][-]{chapter*.25}{\376\377\000C\000a\000p\000e\000\040\000o\000f\000\040\000G\000o\000o\000d\000\040\000H\000o\000p\000e\000\040\000-\000\040\000P\000o\000s\000t\000a\000l\000\040\000H\000i\000s\000t\000o\000r\000y\000\040}{}% 20
\BOOKMARK [0][-]{chapter*.26}{\376\377\000C\000a\000p\000e\000\040\000-\000\040\000S\000t\000a\000m\000p\000s\000\040\000P\000e\000r\000k\000i\000n\000s\000\040\000B\000a\000c\000o\000n\000\040\000I\000s\000s\000u\000e\000\040\0001\0008\0005\0003\000\040}{}% 21
\BOOKMARK [0][-]{chapter*.28}{\376\377\0001\0008\0005\0003\000\040\000P\000e\000r\000k\000i\000n\000s\000\040\000B\000a\000c\000o\000n\000\040\000S\000t\000a\000m\000p\000s}{}% 22
\BOOKMARK [0][-]{chapter*.29}{\376\377\000P\000e\000r\000k\000i\000n\000s\000\040\000B\000a\000c\000o\000n\000\040\000C\000o\000v\000e\000r\000s}{}% 23
\BOOKMARK [0][-]{chapter*.30}{\376\377\000E\000a\000r\000l\000\040\000o\000f\000\040\000C\000r\000a\000w\000f\000o\000r\000d\000\040\000T\000r\000i\000a\000l\000s}{}% 24
\BOOKMARK [1][-]{section*.31}{\376\377\000O\000n\000e\000\040\000S\000h\000i\000l\000l\000i\000n\000g\000\040\000t\000r\000i\000a\000l\000s}{chapter*.30}% 25
\BOOKMARK [0][-]{chapter*.32}{\376\377\0001\0009\0002\0009\000\040\000P\000r\000o\000o\000f\000s}{}% 26
\BOOKMARK [0][-]{chapter*.33}{\376\377\000B\000i\000s\000e\000c\000t\000\040\000o\000n\000\040\000C\000o\000v\000e\000r}{}% 27
\BOOKMARK [0][-]{chapter*.34}{\376\377\000T\000h\000e\000\040\000O\000n\000e\000\040\000P\000e\000n\000n\000y\000\040\000W\000o\000o\000d\000b\000l\000o\000c\000k}{}% 28
\BOOKMARK [1][-]{section*.35}{\376\377\000D\000e\000\040\000L\000a\000\040\000R\000u\000e\000\040\000C\000o\000v\000e\000r\000s}{chapter*.34}% 29
\BOOKMARK [0][-]{chapter*.36}{\376\377\000R\000e\000v\000e\000n\000u\000e\000\040\000S\000t\000a\000m\000p\000s\000\040\000U\000s\000e\000d\000\040\000P\000o\000s\000t\000a\000l\000l\000y}{}% 30
\BOOKMARK [0][-]{chapter*.37}{\376\377\000T\000r\000i\000a\000n\000g\000u\000l\000a\000r\000s\000\040\000-\000\040\000F\000o\000r\000g\000e\000r\000i\000e\000s}{}% 31
\BOOKMARK [0][-]{chapter*.39}{\376\377\000C\000h\000e\000a\000p\000\040\000R\000a\000t\000e\000\040\000M\000a\000i\000l}{}% 32
\BOOKMARK [0][-]{chapter*.41}{\376\377\000T\000h\000e\000\040\000S\000o\000u\000t\000h\000\040\000A\000f\000r\000i\000c\000a\000n\000\040\000a\000n\000d\000\040\000I\000n\000t\000e\000r\000n\000a\000t\000i\000o\000n\000a\000l\000\040\000E\000x\000h\000i\000b\000i\000t\000i\000o\000n\000\040\000i\000n\000\040\000K\000i\000m\000b\000e\000r\000l\000e\000y\000,\000\040\0001\0008\0009\0002}{}% 33
\BOOKMARK [0][-]{chapter*.42}{\376\377\000T\000h\000e\000\040\000C\000a\000p\000e\000\040\000T\000o\000w\000n\000\040\000E\000x\000h\000i\000b\000i\000t\000i\000o\000n\000\040\000a\000n\000d\000\040\000i\000t\000s\000\040\000P\000o\000s\000t\000m\000a\000r\000k\000s}{}% 34
\BOOKMARK [0][-]{chapter*.43}{\376\377\000P\000o\000s\000t\000a\000l\000\040\000S\000t\000a\000t\000i\000o\000n\000e\000r\000y}{}% 35
\BOOKMARK [1][-]{section*.44}{\376\377\000F\000i\000r\000s\000t\000\040\000P\000o\000s\000t\000\040\000C\000a\000r\000d\000\040\0001\000d\000.\000,\000\040\000r\000e\000d\000.}{chapter*.43}% 36
\BOOKMARK [1][-]{section*.45}{\376\377\000S\000e\000c\000o\000n\000d\000\040\000P\000o\000s\000t\000\040\000C\000a\000r\000d\000.}{chapter*.43}% 37
\BOOKMARK [1][-]{section*.46}{\376\377\000T\000h\000i\000r\000d\000\040\000P\000o\000s\000t\000\040\000C\000a\000r\000d}{chapter*.43}% 38
\BOOKMARK [1][-]{section*.47}{\376\377\000F\000o\000u\000r\000t\000h\000\040\000P\000o\000s\000t\000\040\000C\000a\000r\000d}{chapter*.43}% 39
\BOOKMARK [1][-]{section*.49}{\376\377\000F\000i\000f\000t\000h\000\040\000P\000o\000s\000t\000\040\000C\000a\000r\000d\000.}{chapter*.43}% 40
\BOOKMARK [1][-]{section*.50}{\376\377\000S\000i\000x\000t\000h\000\040\000P\000o\000s\000t\000\040\000C\000a\000r\000d\000.}{chapter*.43}% 41
\BOOKMARK [1][-]{section*.51}{\376\377\000E\000m\000b\000o\000s\000s\000e\000d\000\040\000E\000n\000v\000e\000l\000o\000p\000e\000s}{chapter*.43}% 42
\BOOKMARK [1][-]{section*.52}{\376\377\000R\000e\000g\000i\000s\000t\000e\000r\000e\000d\000\040\000L\000e\000t\000t\000e\000r\000\040\000E\000n\000v\000e\000l\000o\000p\000e\000s}{chapter*.43}% 43
\BOOKMARK [1][-]{section*.53}{\376\377\000W\000r\000a\000p\000p\000e\000r\000s}{chapter*.43}% 44
\BOOKMARK [0][-]{chapter*.54}{\376\377\0001\0008\0009\0003\000\040\000O\000n\000e\000\040\000P\000e\000n\000n\000y\000\040\000S\000u\000r\000c\000h\000a\000r\000g\000e}{}% 45
\BOOKMARK [1][-]{section*.55}{\376\377\000D\000o\000u\000b\000l\000e\000\040\000S\000u\000r\000c\000h\000a\000r\000g\000e}{chapter*.54}% 46
\BOOKMARK [1][-]{section*.56}{\376\377\000O\000t\000h\000e\000r\000\040\000V\000a\000r\000i\000e\000t\000i\000e\000s}{chapter*.54}% 47
\BOOKMARK [1][-]{section*.57}{\376\377\000R\000E\000F\000E\000R\000E\000N\000C\000E\000\040\000L\000I\000S\000T}{chapter*.54}% 48
\BOOKMARK [1][-]{section*.58}{\376\377\000P\000e\000n\000\040\000C\000a\000n\000c\000e\000l\000l\000a\000t\000i\000o\000n\000s}{chapter*.54}% 49
\BOOKMARK [1][-]{section*.59}{\376\377\000P\000e\000n\000\040\000C\000a\000n\000c\000e\000l\000l\000a\000t\000i\000o\000n\000s\000\040\000f\000o\000r\000\040\000F\000i\000s\000c\000a\000l\000\040\000P\000u\000r\000p\000o\000s\000e\000s}{chapter*.54}% 50
\BOOKMARK [1][-]{section*.60}{\376\377\000C\000a\000p\000e\000\040\000o\000f\000\040\000G\000o\000o\000d\000\040\000H\000o\000p\000e\000\040\000-\000\040\000P\000o\000s\000t\000a\000l\000\040\000H\000i\000s\000t\000o\000r\000y\000\040}{chapter*.54}% 51
\BOOKMARK [1][-]{section*.61}{\376\377\000N\000e\000w\000s\000p\000a\000p\000e\000r\000\040\000B\000r\000a\000n\000c\000h\000\040\000P\000o\000s\000t\000m\000a\000r\000k\000s}{chapter*.54}% 52
\BOOKMARK [0][-]{chapter*.62}{\376\377\000N\000e\000w\000s\000p\000a\000p\000e\000r\000\040\000M\000a\000i\000l\000\040}{}% 53
\BOOKMARK [0][-]{chapter*.63}{\376\377\000R\000e\000v\000e\000n\000u\000e\000\040\000S\000t\000a\000m\000p\000\040\000o\000n\000\040\000N\000e\000w\000s\000p\000a\000p\000e\000r\000s\000\040}{}% 54
\BOOKMARK [1][-]{section*.64}{\376\377\000R\000e\000v\000e\000n\000u\000e\000\040\000S\000t\000a\000m\000p\000\040\000o\000n\000\040\000N\000e\000w\000s\000p\000a\000p\000e\000r\000s\000\040\000-\000\040\0001\0008\0003\0001}{chapter*.63}% 55
\BOOKMARK [0][-]{chapter*.65}{\376\377\000A\000n\000\040\000I\000n\000t\000r\000o\000d\000u\000c\000t\000i\000o\000n\000\040\000t\000o\000\040\000t\000h\000e\000\040\000C\000a\000p\000e\000\040\000o\000f\000\040\000G\000o\000o\000d\000\040\000H\000o\000p\000e\000\040\000T\000e\000l\000e\000g\000r\000a\000p\000h\000s\000\040}{}% 56
\BOOKMARK [1][-]{section*.66}{\376\377\000C\000a\000p\000e\000\040\000o\000f\000\040\000G\000o\000o\000d\000\040\000H\000o\000p\000e\000\040\000T\000e\000l\000e\000g\000r\000a\000p\000h\000\040\000C\000o\000m\000p\000a\000n\000y\000\040\0001\0008\0006\0000}{chapter*.65}% 57
\BOOKMARK [1][-]{section*.67}{\376\377\000C\000a\000p\000e\000\040\000o\000f\000\040\000G\000o\000o\000d\000\040\000H\000o\000p\000e\000\040\000T\000e\000l\000e\000g\000r\000a\000p\000h\000s\000\040\0001\0008\0007\0003}{chapter*.65}% 58
\BOOKMARK [1][-]{section*.68}{\376\377\0001\0008\0007\0003\000\040\000G\000o\000v\000e\000r\000n\000m\000e\000n\000t\000\040\000C\000o\000n\000t\000r\000o\000l}{chapter*.65}% 59
\BOOKMARK [1][-]{section*.69}{\376\377\0001\0008\0009\0002\000\040\000T\000e\000l\000e\000g\000r\000a\000p\000h\000\040\000S\000e\000r\000v\000i\000c\000e\000\040\000E\000x\000t\000e\000n\000d\000e\000d\000\040\000t\000o\000\040\000B\000a\000s\000u\000t\000o\000l\000a\000n\000d}{chapter*.65}% 60
\BOOKMARK [0][-]{chapter*.70}{\376\377\0001\0008\0009\0009\000\040}{}% 61
\BOOKMARK [1][-]{section*.71}{\376\377\000P\000r\000i\000v\000a\000t\000e\000\040\000B\000o\000x\000\040\000S\000e\000c\000t\000i\000o\000n}{chapter*.70}% 62
\BOOKMARK [0][-]{chapter*.73}{\376\377\000T\000h\000e\000\040\000M\000o\000n\000e\000y\000\040\000O\000r\000d\000e\000r\000\040\000O\000f\000f\000i\000c\000e}{}% 63
\BOOKMARK [0][-]{chapter*.74}{\376\377\000T\000h\000e\000\040\000P\000o\000s\000t\000\040\000O\000f\000f\000i\000c\000e\000\040\000B\000a\000n\000k}{}% 64
\BOOKMARK [1][-]{section*.75}{\376\377\000U\000n\000c\000l\000a\000i\000m\000e\000d\000\040\000L\000e\000t\000t\000e\000r\000s\000\040\000a\000t\000\040\000t\000h\000e\000\040\000C\000a\000p\000e\000\040\000o\000f\000\040\000G\000o\000o\000d\000\040\000H\000o\000p\000e\000\040\000P\000o\000s\000t\000\040\000O\000f\000f\000i\000c\000e\000s}{chapter*.74}% 65
\BOOKMARK [1][-]{section*.76}{\376\377\000M\000i\000s\000s\000e\000n\000t\000\040\000L\000e\000t\000t\000e\000r\000s}{chapter*.74}% 66
\BOOKMARK [0][-]{chapter*.77}{\376\377\000R\000e\000d\000i\000r\000e\000c\000t\000e\000d\000\040\000L\000e\000t\000t\000e\000r\000s}{}% 67
\BOOKMARK [1][-]{section*.78}{\376\377\000O\000f\000f\000i\000c\000i\000a\000l\000l\000y\000\040\000S\000e\000a\000l\000e\000d\000\040\000M\000a\000i\000l\000s}{chapter*.77}% 68
\BOOKMARK [1][-]{section*.79}{\376\377\000P\000a\000r\000c\000e\000l\000\040\000P\000o\000s\000t}{chapter*.77}% 69
\BOOKMARK [0][-]{chapter*.81}{\376\377\000P\000a\000r\000c\000e\000l\000\040\000P\000o\000s\000t\000s}{}% 70
\BOOKMARK [1][-]{section*.82}{\376\377\000P\000a\000r\000c\000e\000l\000\040\000P\000o\000s\000t\000e\000d\000\040\000o\000u\000t\000\040\000o\000f\000\040\000c\000o\000u\000r\000s\000e}{chapter*.81}% 71
\BOOKMARK [1][-]{section*.83}{\376\377\000G\000r\000i\000q\000u\000a\000l\000a\000n\000d\000\040\000-\000\040\000K\000i\000m\000b\000e\000r\000l\000e\000y}{chapter*.81}% 72
\BOOKMARK [1][-]{section*.84}{\376\377\000C\000o\000r\000k\000\040\000C\000a\000n\000c\000e\000l\000l\000a\000t\000i\000o\000n\000s\000\040}{chapter*.81}% 73
\BOOKMARK [1][-]{section*.85}{\376\377\000C\000o\000r\000k\000\040\000c\000a\000n\000c\000e\000l\000l\000e\000r\000s\000\040\000t\000h\000a\000t\000\040\000c\000a\000n\000\040\000b\000e\000\040\000I\000d\000e\000n\000t\000i\000f\000i\000e\000d}{chapter*.81}% 74
\BOOKMARK [1][-]{section*.86}{\376\377\000C\000a\000p\000e\000\040\000G\000o\000v\000e\000r\000n\000m\000e\000n\000t\000\040\000R\000a\000i\000l\000w\000a\000y\000s\000\040}{chapter*.81}% 75
\BOOKMARK [1][-]{section*.87}{\376\377\000O\000f\000f\000i\000c\000i\000a\000l\000\040\000C\000a\000p\000e\000\040\000G\000o\000v\000e\000r\000n\000m\000e\000n\000t\000\040\000R\000a\000i\000l\000w\000a\000y\000s\000\040\000P\000o\000s\000t\000c\000a\000r\000d\000s\000\040}{chapter*.81}% 76
\BOOKMARK [1][-]{section*.88}{\376\377\000T\000r\000a\000v\000e\000l\000l\000i\000n\000g\000\040\000P\000o\000s\000t\000\040\000O\000f\000f\000i\000c\000e\000s}{chapter*.81}% 77
\BOOKMARK [1][-]{section*.89}{\376\377\000T\000h\000e\000\040\000N\000o\000\040\000N\000a\000m\000e\000\040\000T\000r\000a\000v\000e\000l\000l\000i\000n\000g\000\040\000P\000o\000s\000t\000\040\000O\000f\000f\000i\000c\000e\000s}{chapter*.81}% 78
\BOOKMARK [1][-]{section*.90}{\376\377\000T\000r\000a\000v\000e\000l\000l\000i\000n\000g\000\040\000P\000o\000s\000t\000\040\000o\000f\000f\000i\000c\000e\000s\000\040\000o\000f\000\040\000T\000h\000e\000\040\000C\000a\000p\000e\000\040\000o\000f\000\040\000G\000o\000o\000d\000\040\000H\000o\000p\000e}{chapter*.81}% 79
\BOOKMARK [1][-]{section*.91}{\376\377\000A\000l\000b\000a\000n\000y\000\040\000T\000P\000O}{chapter*.81}% 80
\BOOKMARK [1][-]{section*.92}{\376\377\000T\000h\000e\000\040\000Z\000w\000a\000r\000t\000k\000o\000p\000s\000\040\000S\000o\000r\000t\000i\000n\000g\000\040\000T\000e\000n\000d\000e\000r}{chapter*.81}% 81
\BOOKMARK [0][-]{chapter*.93}{\376\377\000T\000h\000e\000\040\000'\0003\000'\000\040\000o\000n\000\040\000T\000H\000R\000E\000E\000\040\000O\000v\000e\000r\000p\000r\000i\000n\000t}{}% 82
\BOOKMARK [1][-]{section*.94}{\376\377\000R\000e\000f\000e\000r\000e\000n\000c\000e\000s}{chapter*.93}% 83
\BOOKMARK [0][-]{chapter*.95}{\376\377\000S\000e\000a\000t\000e\000d\000\040\000H\000o\000p\000e}{}% 84
\BOOKMARK [1][-]{section*.96}{\376\377\000T\000h\000e\000\040\000F\000i\000r\000s\000t\000\040\000R\000e\000c\000t\000a\000n\000g\000u\000l\000a\000r\000\040\000S\000t\000a\000m\000p\000s\000\040\000\050\000F\000i\000r\000s\000t\000\040\000D\000e\000f\000i\000n\000i\000t\000i\000v\000e\000\040\000I\000s\000s\000u\000e\000\040\0001\0008\0006\0004\000-\0001\0008\0007\0007\000\051}{chapter*.95}% 85
\BOOKMARK [1][-]{section*.97}{\376\377\000T\000h\000e\000\040\0006\000d\000\040\000S\000t\000a\000m\000p}{chapter*.95}% 86
\BOOKMARK [1][-]{section*.98}{\376\377\000T\000h\000e\000\040\000O\000n\000e\000\040\000P\000e\000n\000n\000y\000\040\000V\000a\000l\000u\000e}{chapter*.95}% 87
\BOOKMARK [1][-]{section*.99}{\376\377\000T\000h\000e\000\040\000F\000o\000u\000r\000\040\000P\000e\000n\000c\000e\000\040\000V\000a\000l\000u\000e}{chapter*.95}% 88
\BOOKMARK [1][-]{section*.100}{\376\377\000S\000p\000e\000c\000i\000m\000e\000n\000s\000\040\000F\000r\000o\000m\000\040\000t\000h\000e\000\040\000D\000e\000\040\000L\000a\000\040\000R\000u\000e\000\040\000R\000e\000c\000o\000r\000d\000s}{chapter*.95}% 89
\BOOKMARK [0][-]{chapter*.101}{\376\377\000T\000h\000e\000\040\000S\000e\000a\000t\000e\000d\000\040\000H\000o\000p\000e\000\040\000S\000t\000a\000m\000p\000s}{}% 90
\BOOKMARK [1][-]{section*.102}{\376\377\000T\000h\000e\000\040\000S\000e\000c\000o\000n\000d\000\040\000D\000e\000f\000i\000n\000i\000t\000i\000v\000e\000\040\000I\000s\000s\000u\000e\000\040\000'\000R\000e\000t\000o\000u\000c\000h\000e\000d\000\040\000D\000i\000e\000'\000\040\000t\000h\000e\000\040\000O\000u\000t\000e\000r\000\040\000L\000i\000n\000e\000\040\000R\000e\000m\000o\000v\000e\000d}{chapter*.101}% 91
\BOOKMARK [1][-]{section*.103}{\376\377\000T\000h\000e\000\040\000F\000i\000v\000e\000\040\000S\000h\000i\000l\000l\000i\000n\000g\000s\000\040\000S\000t\000a\000m\000p}{chapter*.101}% 92
\BOOKMARK [1][-]{section*.105}{\376\377\000D\000e\000e\000p\000e\000n\000i\000n\000g\000\040\000o\000f\000\040\000t\000h\000e\000\040\0004\000d\000\040\000s\000h\000a\000d\000e\000\040\000t\000o\000\040\000a\000\040\000d\000a\000r\000k\000e\000r\000\040\000b\000l\000u\000e\000.}{chapter*.101}% 93
\BOOKMARK [1][-]{section*.112}{\376\377\000T\000h\000e\000\040\000F\000i\000f\000t\000h\000\040\000D\000e\000f\000i\000n\000i\000t\000i\000v\000e\000\040\000I\000s\000s\000u\000e}{chapter*.101}% 94
\BOOKMARK [1][-]{section*.113}{\376\377\000W\000a\000t\000e\000r\000\040\000m\000a\000r\000k\000\040\000c\000a\000b\000l\000e\000d\000\040\000a\000n\000c\000h\000o\000r}{chapter*.101}% 95
\BOOKMARK [1][-]{section*.114}{\376\377\000T\000h\000e\000\040\000T\000w\000o\000\040\000P\000e\000n\000c\000e\000\040\000H\000a\000l\000f\000p\000e\000n\000n\000y}{chapter*.101}% 96
\BOOKMARK [1][-]{section*.118}{\376\377\000T\000h\000e\000\040\000K\000i\000n\000g\000\040\000E\000d\000w\000a\000r\000d\000\040\000V\000I\000I\000\040\000S\000t\000a\000m\000p\000s\000\040\000o\000f\000\040\0001\0009\0000\0002\000\040}{chapter*.101}% 97
\BOOKMARK [1][-]{section*.121}{\376\377\000T\000h\000e\000\040\000K\000i\000n\000g\000\040\000E\000d\000w\000a\000r\000d\000\040\000V\000I\000I\000\040\000S\000t\000a\000m\000p\000s\000\040\000o\000f\000\040\0001\0009\0000\0002\000\040\000-\000\040\000P\000e\000r\000f\000i\000n\000\040\000O\000f\000f\000i\000c\000i\000a\000l\000\040}{chapter*.101}% 98
\BOOKMARK [0][-]{chapter*.124}{\376\377\000R\000e\000v\000e\000n\000u\000e\000s\000\040\000-\000\040\000C\000i\000g\000a\000r\000e\000t\000t\000e\000\040\000D\000u\000t\000y}{}% 99
\BOOKMARK [0][-]{chapter*.125}{\376\377\000P\000a\000t\000e\000n\000t\000\040\000a\000n\000d\000\040\000P\000r\000o\000p\000r\000i\000e\000t\000a\000r\000y\000\040\000S\000t\000a\000m\000p\000s}{}% 100
