This is pdfTeX, Version 3.14159265-2.6-1.40.16 (MiKTeX 2.9 64-bit) (preloaded format=pdflatex 2015.10.17)  5 DEC 2015 06:29
entering extended mode
**C:/wamp/www/application-latest/stamp-notes/cape-of-good-hope/tex/main.tex
(C:/wamp/www/application-latest/stamp-notes/cape-of-good-hope/tex/main.tex
LaTeX2e <2015/01/01> patch level 2
Babel <3.9l> and hyphenation patterns for 69 languages loaded.
(Dutch_India_Company.tex
! Undefined control sequence.
l.1 \chapter
            {The Dutch East India Company}
? 
! Emergency stop.
l.1 \chapter
            {The Dutch East India Company}
End of file on the terminal!

 
Here is how much of TeX's memory you used:
 10 strings out of 493675
 332 string characters out of 3143916
 52455 words of memory out of 3000000
 3452 multiletter control sequences out of 15000+200000
 3640 words of font info for 14 fonts, out of 3000000 for 9000
 1025 hyphenation exceptions out of 8191
 5i,0n,3p,150b,8s stack positions out of 5000i,500n,10000p,200000b,50000s
!  ==> Fatal error occurred, no output PDF file produced!
